<?xml version="1.0" encoding="UTF-8"?>
<robot generated="20180906 11:45:12.421" generator="Robot 3.0.4 (Python 2.7.15 on win32)">
<suite source="C:\Users\madduv\TAecc\src\runECCautomation.robot" id="s1" name="runECCautomation">
<test id="s1-t1" name="Test provisionVM">
<kw name="provision vm with iso">
<msg timestamp="20180906 11:45:12.797" level="FAIL">No keyword with name 'provision vm with iso' found.</msg>
<status status="FAIL" endtime="20180906 11:45:12.797" starttime="20180906 11:45:12.797"></status>
</kw>
<status status="FAIL" endtime="20180906 11:45:12.801" critical="yes" starttime="20180906 11:45:12.794">No keyword with name 'provision vm with iso' found.</status>
</test>
<test id="s1-t2" name="Test addDiskToVM">
<kw name="action add disk">
<msg timestamp="20180906 11:45:12.810" level="FAIL">No keyword with name 'action add disk' found.</msg>
<status status="FAIL" endtime="20180906 11:45:12.810" starttime="20180906 11:45:12.810"></status>
</kw>
<status status="FAIL" endtime="20180906 11:45:12.812" critical="yes" starttime="20180906 11:45:12.807">No keyword with name 'action add disk' found.</status>
</test>
<test id="s1-t3" name="Test addDNICToVM">
<kw name="action add nic">
<msg timestamp="20180906 11:45:12.819" level="FAIL">No keyword with name 'action add nic' found.</msg>
<status status="FAIL" endtime="20180906 11:45:12.819" starttime="20180906 11:45:12.819"></status>
</kw>
<status status="FAIL" endtime="20180906 11:45:12.824" critical="yes" starttime="20180906 11:45:12.817">No keyword with name 'action add nic' found.</status>
</test>
<test id="s1-t4" name="Test removeDiskfromVM">
<kw name="action remove disk">
<msg timestamp="20180906 11:45:12.832" level="FAIL">No keyword with name 'action remove disk' found.</msg>
<status status="FAIL" endtime="20180906 11:45:12.832" starttime="20180906 11:45:12.832"></status>
</kw>
<status status="FAIL" endtime="20180906 11:45:12.835" critical="yes" starttime="20180906 11:45:12.829">No keyword with name 'action remove disk' found.</status>
</test>
<test id="s1-t5" name="Test powerOffVM">
<kw name="action power off vm">
<msg timestamp="20180906 11:45:12.844" level="FAIL">No keyword with name 'action power off vm' found.</msg>
<status status="FAIL" endtime="20180906 11:45:12.844" starttime="20180906 11:45:12.844"></status>
</kw>
<status status="FAIL" endtime="20180906 11:45:12.847" critical="yes" starttime="20180906 11:45:12.841">No keyword with name 'action power off vm' found.</status>
</test>
<test id="s1-t6" name="Test removeNICfromVM">
<kw name="action remove nic">
<msg timestamp="20180906 11:45:12.854" level="FAIL">No keyword with name 'action remove nic' found.</msg>
<status status="FAIL" endtime="20180906 11:45:12.855" starttime="20180906 11:45:12.854"></status>
</kw>
<status status="FAIL" endtime="20180906 11:45:12.860" critical="yes" starttime="20180906 11:45:12.852">No keyword with name 'action remove nic' found.</status>
</test>
<test id="s1-t7" name="Test reconfigureHwTemplate">
<kw name="action reconfigure hw template">
<msg timestamp="20180906 11:45:12.867" level="FAIL">No keyword with name 'action reconfigure hw template' found.</msg>
<status status="FAIL" endtime="20180906 11:45:12.867" starttime="20180906 11:45:12.867"></status>
</kw>
<status status="FAIL" endtime="20180906 11:45:12.868" critical="yes" starttime="20180906 11:45:12.866">No keyword with name 'action reconfigure hw template' found.</status>
</test>
<test id="s1-t8" name="Test powerOnVM">
<kw name="action power on vm">
<msg timestamp="20180906 11:45:12.881" level="FAIL">No keyword with name 'action power on vm' found.</msg>
<status status="FAIL" endtime="20180906 11:45:12.881" starttime="20180906 11:45:12.881"></status>
</kw>
<status status="FAIL" endtime="20180906 11:45:12.882" critical="yes" starttime="20180906 11:45:12.878">No keyword with name 'action power on vm' found.</status>
</test>
<status status="FAIL" endtime="20180906 11:45:12.887" starttime="20180906 11:45:12.425"></status>
</suite>
<statistics>
<total>
<stat fail="8" pass="0">Critical Tests</stat>
<stat fail="8" pass="0">All Tests</stat>
</total>
<tag>
</tag>
<suite>
<stat fail="8" id="s1" name="runECCautomation" pass="0">runECCautomation</stat>
</suite>
</statistics>
<errors>
<msg timestamp="20180906 11:45:12.628" level="ERROR">Error in file 'C:\Users\madduv\TAecc\src\runECCautomation.robot': Importing test library 'provision_vm_with_iso' failed: ImportError: No module named jmespath
Traceback (most recent call last):
  File "provision_vm_with_iso.py", line 3, in &lt;module&gt;
    import library.helpers as help
  File "library\helpers.py", line 4, in &lt;module&gt;
    import jmespath
PYTHONPATH:
  C:\Users\madduv\ONBFactory
  C:\Users\madduv\PycharmProjects\onBoradingDev
  C:\Users\madduv\PycharmProjects\ExeTesting
  C:\Users\madduv\PycharmProjects\veche-ta
  C:\Users\madduv\PycharmProjects\webdemo
  C:\Users\madduv\TAecc\src
  C:\windows\SYSTEM32\python27.zip
  c:\python27\DLLs
  c:\python27\lib
  c:\python27\lib\plat-win
  c:\python27\lib\lib-tk
  c:\python27
  C:\Users\madduv\AppData\Roaming\Python\Python27\site-packages
  c:\python27\lib\site-packages
  c:\python27\lib\site-packages\win32
  c:\python27\lib\site-packages\win32\lib
  c:\python27\lib\site-packages\Pythonwin</msg>
<msg timestamp="20180906 11:45:12.650" level="ERROR">Error in file 'C:\Users\madduv\TAecc\src\runECCautomation.robot': Importing test library 'add_disk' failed: ImportError: No module named jmespath
Traceback (most recent call last):
  File "add_disk.py", line 3, in &lt;module&gt;
    import library.helpers as help
  File "library\helpers.py", line 4, in &lt;module&gt;
    import jmespath
PYTHONPATH:
  C:\Users\madduv\ONBFactory
  C:\Users\madduv\PycharmProjects\onBoradingDev
  C:\Users\madduv\PycharmProjects\ExeTesting
  C:\Users\madduv\PycharmProjects\veche-ta
  C:\Users\madduv\PycharmProjects\webdemo
  C:\Users\madduv\TAecc\src
  C:\windows\SYSTEM32\python27.zip
  c:\python27\DLLs
  c:\python27\lib
  c:\python27\lib\plat-win
  c:\python27\lib\lib-tk
  c:\python27
  C:\Users\madduv\AppData\Roaming\Python\Python27\site-packages
  c:\python27\lib\site-packages
  c:\python27\lib\site-packages\win32
  c:\python27\lib\site-packages\win32\lib
  c:\python27\lib\site-packages\Pythonwin</msg>
<msg timestamp="20180906 11:45:12.677" level="ERROR">Error in file 'C:\Users\madduv\TAecc\src\runECCautomation.robot': Importing test library 'add_nic' failed: ImportError: No module named jmespath
Traceback (most recent call last):
  File "add_nic.py", line 3, in &lt;module&gt;
    import library.helpers as help
  File "library\helpers.py", line 4, in &lt;module&gt;
    import jmespath
PYTHONPATH:
  C:\Users\madduv\ONBFactory
  C:\Users\madduv\PycharmProjects\onBoradingDev
  C:\Users\madduv\PycharmProjects\ExeTesting
  C:\Users\madduv\PycharmProjects\veche-ta
  C:\Users\madduv\PycharmProjects\webdemo
  C:\Users\madduv\TAecc\src
  C:\windows\SYSTEM32\python27.zip
  c:\python27\DLLs
  c:\python27\lib
  c:\python27\lib\plat-win
  c:\python27\lib\lib-tk
  c:\python27
  C:\Users\madduv\AppData\Roaming\Python\Python27\site-packages
  c:\python27\lib\site-packages
  c:\python27\lib\site-packages\win32
  c:\python27\lib\site-packages\win32\lib
  c:\python27\lib\site-packages\Pythonwin</msg>
<msg timestamp="20180906 11:45:12.700" level="ERROR">Error in file 'C:\Users\madduv\TAecc\src\runECCautomation.robot': Importing test library 'power_off_vm' failed: ImportError: No module named jmespath
Traceback (most recent call last):
  File "power_off_vm.py", line 2, in &lt;module&gt;
    import library.helpers as help
  File "library\helpers.py", line 4, in &lt;module&gt;
    import jmespath
PYTHONPATH:
  C:\Users\madduv\ONBFactory
  C:\Users\madduv\PycharmProjects\onBoradingDev
  C:\Users\madduv\PycharmProjects\ExeTesting
  C:\Users\madduv\PycharmProjects\veche-ta
  C:\Users\madduv\PycharmProjects\webdemo
  C:\Users\madduv\TAecc\src
  C:\windows\SYSTEM32\python27.zip
  c:\python27\DLLs
  c:\python27\lib
  c:\python27\lib\plat-win
  c:\python27\lib\lib-tk
  c:\python27
  C:\Users\madduv\AppData\Roaming\Python\Python27\site-packages
  c:\python27\lib\site-packages
  c:\python27\lib\site-packages\win32
  c:\python27\lib\site-packages\win32\lib
  c:\python27\lib\site-packages\Pythonwin</msg>
<msg timestamp="20180906 11:45:12.726" level="ERROR">Error in file 'C:\Users\madduv\TAecc\src\runECCautomation.robot': Importing test library 'power_on_vm' failed: ImportError: No module named jmespath
Traceback (most recent call last):
  File "power_on_vm.py", line 2, in &lt;module&gt;
    import library.helpers as help
  File "library\helpers.py", line 4, in &lt;module&gt;
    import jmespath
PYTHONPATH:
  C:\Users\madduv\ONBFactory
  C:\Users\madduv\PycharmProjects\onBoradingDev
  C:\Users\madduv\PycharmProjects\ExeTesting
  C:\Users\madduv\PycharmProjects\veche-ta
  C:\Users\madduv\PycharmProjects\webdemo
  C:\Users\madduv\TAecc\src
  C:\windows\SYSTEM32\python27.zip
  c:\python27\DLLs
  c:\python27\lib
  c:\python27\lib\plat-win
  c:\python27\lib\lib-tk
  c:\python27
  C:\Users\madduv\AppData\Roaming\Python\Python27\site-packages
  c:\python27\lib\site-packages
  c:\python27\lib\site-packages\win32
  c:\python27\lib\site-packages\win32\lib
  c:\python27\lib\site-packages\Pythonwin</msg>
<msg timestamp="20180906 11:45:12.746" level="ERROR">Error in file 'C:\Users\madduv\TAecc\src\runECCautomation.robot': Importing test library 'remove_disk' failed: ImportError: No module named jmespath
Traceback (most recent call last):
  File "remove_disk.py", line 3, in &lt;module&gt;
    import library.helpers as help
  File "library\helpers.py", line 4, in &lt;module&gt;
    import jmespath
PYTHONPATH:
  C:\Users\madduv\ONBFactory
  C:\Users\madduv\PycharmProjects\onBoradingDev
  C:\Users\madduv\PycharmProjects\ExeTesting
  C:\Users\madduv\PycharmProjects\veche-ta
  C:\Users\madduv\PycharmProjects\webdemo
  C:\Users\madduv\TAecc\src
  C:\windows\SYSTEM32\python27.zip
  c:\python27\DLLs
  c:\python27\lib
  c:\python27\lib\plat-win
  c:\python27\lib\lib-tk
  c:\python27
  C:\Users\madduv\AppData\Roaming\Python\Python27\site-packages
  c:\python27\lib\site-packages
  c:\python27\lib\site-packages\win32
  c:\python27\lib\site-packages\win32\lib
  c:\python27\lib\site-packages\Pythonwin</msg>
<msg timestamp="20180906 11:45:12.765" level="ERROR">Error in file 'C:\Users\madduv\TAecc\src\runECCautomation.robot': Importing test library 'remove_nic' failed: ImportError: No module named jmespath
Traceback (most recent call last):
  File "remove_nic.py", line 3, in &lt;module&gt;
    import library.helpers as help
  File "library\helpers.py", line 4, in &lt;module&gt;
    import jmespath
PYTHONPATH:
  C:\Users\madduv\ONBFactory
  C:\Users\madduv\PycharmProjects\onBoradingDev
  C:\Users\madduv\PycharmProjects\ExeTesting
  C:\Users\madduv\PycharmProjects\veche-ta
  C:\Users\madduv\PycharmProjects\webdemo
  C:\Users\madduv\TAecc\src
  C:\windows\SYSTEM32\python27.zip
  c:\python27\DLLs
  c:\python27\lib
  c:\python27\lib\plat-win
  c:\python27\lib\lib-tk
  c:\python27
  C:\Users\madduv\AppData\Roaming\Python\Python27\site-packages
  c:\python27\lib\site-packages
  c:\python27\lib\site-packages\win32
  c:\python27\lib\site-packages\win32\lib
  c:\python27\lib\site-packages\Pythonwin</msg>
<msg timestamp="20180906 11:45:12.786" level="ERROR">Error in file 'C:\Users\madduv\TAecc\src\runECCautomation.robot': Importing test library 'reconfigure_hw_template' failed: ImportError: No module named jmespath
Traceback (most recent call last):
  File "reconfigure_hw_template.py", line 3, in &lt;module&gt;
    import library.helpers as help
  File "library\helpers.py", line 4, in &lt;module&gt;
    import jmespath
PYTHONPATH:
  C:\Users\madduv\ONBFactory
  C:\Users\madduv\PycharmProjects\onBoradingDev
  C:\Users\madduv\PycharmProjects\ExeTesting
  C:\Users\madduv\PycharmProjects\veche-ta
  C:\Users\madduv\PycharmProjects\webdemo
  C:\Users\madduv\TAecc\src
  C:\windows\SYSTEM32\python27.zip
  c:\python27\DLLs
  c:\python27\lib
  c:\python27\lib\plat-win
  c:\python27\lib\lib-tk
  c:\python27
  C:\Users\madduv\AppData\Roaming\Python\Python27\site-packages
  c:\python27\lib\site-packages
  c:\python27\lib\site-packages\win32
  c:\python27\lib\site-packages\win32\lib
  c:\python27\lib\site-packages\Pythonwin</msg>
</errors>
</robot>
